[ ERROR] [2016-02-23 09:47:08] com.tiza.xgdl.Main.AWT-EventQueue-0 [71] - [配置信息]--程序将监听串口COM2... ...
[ ERROR] [2016-02-23 09:47:09] com.alibaba.druid.pool.DruidDataSource.AWT-EventQueue-0 [809] - testWhileIdle is true, validationQuery not set
[ ERROR] [2016-02-23 09:47:09] com.alibaba.druid.pool.DruidDataSource.AWT-EventQueue-0 [809] - testWhileIdle is true, validationQuery not set
[ ERROR] [2016-02-23 09:47:10] com.tiza.xgdl.comm.ClientConnector.AWT-EventQueue-0 [43] - port conn error:
gnu.io.NoSuchPortException: null
	at gnu.io.CommPortIdentifier.getPortIdentifier(CommPortIdentifier.java:218) ~[rxtx-2.1.7.jar:na]
	at io.netty.channel.rxtx.RxtxChannel.doConnect(RxtxChannel.java:66) ~[netty-all-4.0.33.Final.jar:4.0.33.Final]
	at io.netty.channel.rxtx.RxtxChannel$RxtxUnsafe.connect(RxtxChannel.java:142) ~[netty-all-4.0.33.Final.jar:4.0.33.Final]
	at io.netty.channel.DefaultChannelPipeline$HeadContext.connect(DefaultChannelPipeline.java:1097) ~[netty-all-4.0.33.Final.jar:4.0.33.Final]
	at io.netty.channel.AbstractChannelHandlerContext.invokeConnect(AbstractChannelHandlerContext.java:481) ~[netty-all-4.0.33.Final.jar:4.0.33.Final]
	at io.netty.channel.AbstractChannelHandlerContext.connect(AbstractChannelHandlerContext.java:466) ~[netty-all-4.0.33.Final.jar:4.0.33.Final]
	at io.netty.channel.ChannelOutboundHandlerAdapter.connect(ChannelOutboundHandlerAdapter.java:47) ~[netty-all-4.0.33.Final.jar:4.0.33.Final]
	at io.netty.channel.AbstractChannelHandlerContext.invokeConnect(AbstractChannelHandlerContext.java:481) ~[netty-all-4.0.33.Final.jar:4.0.33.Final]
	at io.netty.channel.AbstractChannelHandlerContext.connect(AbstractChannelHandlerContext.java:466) ~[netty-all-4.0.33.Final.jar:4.0.33.Final]
	at io.netty.channel.AbstractChannelHandlerContext.connect(AbstractChannelHandlerContext.java:448) ~[netty-all-4.0.33.Final.jar:4.0.33.Final]
	at io.netty.channel.DefaultChannelPipeline.connect(DefaultChannelPipeline.java:908) ~[netty-all-4.0.33.Final.jar:4.0.33.Final]
	at io.netty.channel.AbstractChannel.connect(AbstractChannel.java:203) ~[netty-all-4.0.33.Final.jar:4.0.33.Final]
	at io.netty.bootstrap.Bootstrap$2.run(Bootstrap.java:166) ~[netty-all-4.0.33.Final.jar:4.0.33.Final]
	at io.netty.channel.ThreadPerChannelEventLoop.run(ThreadPerChannelEventLoop.java:52) ~[netty-all-4.0.33.Final.jar:4.0.33.Final]
	at io.netty.util.concurrent.SingleThreadEventExecutor$2.run(SingleThreadEventExecutor.java:112) ~[netty-all-4.0.33.Final.jar:4.0.33.Final]
	at java.lang.Thread.run(Thread.java:745) ~[na:1.8.0_45]
[ ERROR] [2016-02-23 09:47:15] com.tiza.xgdl.comm.ClientConnector.pool-3-thread-1 [43] - port conn error:
gnu.io.NoSuchPortException: null
	at gnu.io.CommPortIdentifier.getPortIdentifier(CommPortIdentifier.java:218) ~[rxtx-2.1.7.jar:na]
	at io.netty.channel.rxtx.RxtxChannel.doConnect(RxtxChannel.java:66) ~[netty-all-4.0.33.Final.jar:4.0.33.Final]
	at io.netty.channel.rxtx.RxtxChannel$RxtxUnsafe.connect(RxtxChannel.java:142) ~[netty-all-4.0.33.Final.jar:4.0.33.Final]
	at io.netty.channel.DefaultChannelPipeline$HeadContext.connect(DefaultChannelPipeline.java:1097) ~[netty-all-4.0.33.Final.jar:4.0.33.Final]
	at io.netty.channel.AbstractChannelHandlerContext.invokeConnect(AbstractChannelHandlerContext.java:481) ~[netty-all-4.0.33.Final.jar:4.0.33.Final]
	at io.netty.channel.AbstractChannelHandlerContext.connect(AbstractChannelHandlerContext.java:466) ~[netty-all-4.0.33.Final.jar:4.0.33.Final]
	at io.netty.channel.ChannelOutboundHandlerAdapter.connect(ChannelOutboundHandlerAdapter.java:47) ~[netty-all-4.0.33.Final.jar:4.0.33.Final]
	at io.netty.channel.AbstractChannelHandlerContext.invokeConnect(AbstractChannelHandlerContext.java:481) ~[netty-all-4.0.33.Final.jar:4.0.33.Final]
	at io.netty.channel.AbstractChannelHandlerContext.connect(AbstractChannelHandlerContext.java:466) ~[netty-all-4.0.33.Final.jar:4.0.33.Final]
	at io.netty.channel.AbstractChannelHandlerContext.connect(AbstractChannelHandlerContext.java:448) ~[netty-all-4.0.33.Final.jar:4.0.33.Final]
	at io.netty.channel.DefaultChannelPipeline.connect(DefaultChannelPipeline.java:908) ~[netty-all-4.0.33.Final.jar:4.0.33.Final]
	at io.netty.channel.AbstractChannel.connect(AbstractChannel.java:203) ~[netty-all-4.0.33.Final.jar:4.0.33.Final]
	at io.netty.bootstrap.Bootstrap$2.run(Bootstrap.java:166) ~[netty-all-4.0.33.Final.jar:4.0.33.Final]
	at io.netty.channel.ThreadPerChannelEventLoop.run(ThreadPerChannelEventLoop.java:52) [netty-all-4.0.33.Final.jar:4.0.33.Final]
	at io.netty.util.concurrent.SingleThreadEventExecutor$2.run(SingleThreadEventExecutor.java:112) [netty-all-4.0.33.Final.jar:4.0.33.Final]
	at java.lang.Thread.run(Thread.java:745) [na:1.8.0_45]
[ ERROR] [2016-02-23 09:47:20] com.tiza.xgdl.comm.ClientConnector.pool-4-thread-1 [43] - port conn error:
gnu.io.NoSuchPortException: null
	at gnu.io.CommPortIdentifier.getPortIdentifier(CommPortIdentifier.java:218) ~[rxtx-2.1.7.jar:na]
	at io.netty.channel.rxtx.RxtxChannel.doConnect(RxtxChannel.java:66) ~[netty-all-4.0.33.Final.jar:4.0.33.Final]
	at io.netty.channel.rxtx.RxtxChannel$RxtxUnsafe.connect(RxtxChannel.java:142) ~[netty-all-4.0.33.Final.jar:4.0.33.Final]
	at io.netty.channel.DefaultChannelPipeline$HeadContext.connect(DefaultChannelPipeline.java:1097) ~[netty-all-4.0.33.Final.jar:4.0.33.Final]
	at io.netty.channel.AbstractChannelHandlerContext.invokeConnect(AbstractChannelHandlerContext.java:481) ~[netty-all-4.0.33.Final.jar:4.0.33.Final]
	at io.netty.channel.AbstractChannelHandlerContext.connect(AbstractChannelHandlerContext.java:466) ~[netty-all-4.0.33.Final.jar:4.0.33.Final]
	at io.netty.channel.ChannelOutboundHandlerAdapter.connect(ChannelOutboundHandlerAdapter.java:47) ~[netty-all-4.0.33.Final.jar:4.0.33.Final]
	at io.netty.channel.AbstractChannelHandlerContext.invokeConnect(AbstractChannelHandlerContext.java:481) ~[netty-all-4.0.33.Final.jar:4.0.33.Final]
	at io.netty.channel.AbstractChannelHandlerContext.connect(AbstractChannelHandlerContext.java:466) ~[netty-all-4.0.33.Final.jar:4.0.33.Final]
	at io.netty.channel.AbstractChannelHandlerContext.connect(AbstractChannelHandlerContext.java:448) ~[netty-all-4.0.33.Final.jar:4.0.33.Final]
	at io.netty.channel.DefaultChannelPipeline.connect(DefaultChannelPipeline.java:908) ~[netty-all-4.0.33.Final.jar:4.0.33.Final]
	at io.netty.channel.AbstractChannel.connect(AbstractChannel.java:203) ~[netty-all-4.0.33.Final.jar:4.0.33.Final]
	at io.netty.bootstrap.Bootstrap$2.run(Bootstrap.java:166) ~[netty-all-4.0.33.Final.jar:4.0.33.Final]
	at io.netty.channel.ThreadPerChannelEventLoop.run(ThreadPerChannelEventLoop.java:52) [netty-all-4.0.33.Final.jar:4.0.33.Final]
	at io.netty.util.concurrent.SingleThreadEventExecutor$2.run(SingleThreadEventExecutor.java:112) [netty-all-4.0.33.Final.jar:4.0.33.Final]
	at java.lang.Thread.run(Thread.java:745) [na:1.8.0_45]
[ ERROR] [2016-02-23 09:47:25] com.tiza.xgdl.comm.ClientConnector.pool-5-thread-1 [43] - port conn error:
gnu.io.NoSuchPortException: null
	at gnu.io.CommPortIdentifier.getPortIdentifier(CommPortIdentifier.java:218) ~[rxtx-2.1.7.jar:na]
	at io.netty.channel.rxtx.RxtxChannel.doConnect(RxtxChannel.java:66) ~[netty-all-4.0.33.Final.jar:4.0.33.Final]
	at io.netty.channel.rxtx.RxtxChannel$RxtxUnsafe.connect(RxtxChannel.java:142) ~[netty-all-4.0.33.Final.jar:4.0.33.Final]
	at io.netty.channel.DefaultChannelPipeline$HeadContext.connect(DefaultChannelPipeline.java:1097) ~[netty-all-4.0.33.Final.jar:4.0.33.Final]
	at io.netty.channel.AbstractChannelHandlerContext.invokeConnect(AbstractChannelHandlerContext.java:481) ~[netty-all-4.0.33.Final.jar:4.0.33.Final]
	at io.netty.channel.AbstractChannelHandlerContext.connect(AbstractChannelHandlerContext.java:466) ~[netty-all-4.0.33.Final.jar:4.0.33.Final]
	at io.netty.channel.ChannelOutboundHandlerAdapter.connect(ChannelOutboundHandlerAdapter.java:47) ~[netty-all-4.0.33.Final.jar:4.0.33.Final]
	at io.netty.channel.AbstractChannelHandlerContext.invokeConnect(AbstractChannelHandlerContext.java:481) ~[netty-all-4.0.33.Final.jar:4.0.33.Final]
	at io.netty.channel.AbstractChannelHandlerContext.connect(AbstractChannelHandlerContext.java:466) ~[netty-all-4.0.33.Final.jar:4.0.33.Final]
	at io.netty.channel.AbstractChannelHandlerContext.connect(AbstractChannelHandlerContext.java:448) ~[netty-all-4.0.33.Final.jar:4.0.33.Final]
	at io.netty.channel.DefaultChannelPipeline.connect(DefaultChannelPipeline.java:908) ~[netty-all-4.0.33.Final.jar:4.0.33.Final]
	at io.netty.channel.AbstractChannel.connect(AbstractChannel.java:203) ~[netty-all-4.0.33.Final.jar:4.0.33.Final]
	at io.netty.bootstrap.Bootstrap$2.run(Bootstrap.java:166) ~[netty-all-4.0.33.Final.jar:4.0.33.Final]
	at io.netty.channel.ThreadPerChannelEventLoop.run(ThreadPerChannelEventLoop.java:52) [netty-all-4.0.33.Final.jar:4.0.33.Final]
	at io.netty.util.concurrent.SingleThreadEventExecutor$2.run(SingleThreadEventExecutor.java:112) [netty-all-4.0.33.Final.jar:4.0.33.Final]
	at java.lang.Thread.run(Thread.java:745) [na:1.8.0_45]
[ ERROR] [2016-02-23 09:47:30] com.tiza.xgdl.comm.ClientConnector.pool-6-thread-1 [43] - port conn error:
gnu.io.NoSuchPortException: null
	at gnu.io.CommPortIdentifier.getPortIdentifier(CommPortIdentifier.java:218) ~[rxtx-2.1.7.jar:na]
	at io.netty.channel.rxtx.RxtxChannel.doConnect(RxtxChannel.java:66) ~[netty-all-4.0.33.Final.jar:4.0.33.Final]
	at io.netty.channel.rxtx.RxtxChannel$RxtxUnsafe.connect(RxtxChannel.java:142) ~[netty-all-4.0.33.Final.jar:4.0.33.Final]
	at io.netty.channel.DefaultChannelPipeline$HeadContext.connect(DefaultChannelPipeline.java:1097) ~[netty-all-4.0.33.Final.jar:4.0.33.Final]
	at io.netty.channel.AbstractChannelHandlerContext.invokeConnect(AbstractChannelHandlerContext.java:481) ~[netty-all-4.0.33.Final.jar:4.0.33.Final]
	at io.netty.channel.AbstractChannelHandlerContext.connect(AbstractChannelHandlerContext.java:466) ~[netty-all-4.0.33.Final.jar:4.0.33.Final]
	at io.netty.channel.ChannelOutboundHandlerAdapter.connect(ChannelOutboundHandlerAdapter.java:47) ~[netty-all-4.0.33.Final.jar:4.0.33.Final]
	at io.netty.channel.AbstractChannelHandlerContext.invokeConnect(AbstractChannelHandlerContext.java:481) ~[netty-all-4.0.33.Final.jar:4.0.33.Final]
	at io.netty.channel.AbstractChannelHandlerContext.connect(AbstractChannelHandlerContext.java:466) ~[netty-all-4.0.33.Final.jar:4.0.33.Final]
	at io.netty.channel.AbstractChannelHandlerContext.connect(AbstractChannelHandlerContext.java:448) ~[netty-all-4.0.33.Final.jar:4.0.33.Final]
	at io.netty.channel.DefaultChannelPipeline.connect(DefaultChannelPipeline.java:908) ~[netty-all-4.0.33.Final.jar:4.0.33.Final]
	at io.netty.channel.AbstractChannel.connect(AbstractChannel.java:203) ~[netty-all-4.0.33.Final.jar:4.0.33.Final]
	at io.netty.bootstrap.Bootstrap$2.run(Bootstrap.java:166) ~[netty-all-4.0.33.Final.jar:4.0.33.Final]
	at io.netty.channel.ThreadPerChannelEventLoop.run(ThreadPerChannelEventLoop.java:52) [netty-all-4.0.33.Final.jar:4.0.33.Final]
	at io.netty.util.concurrent.SingleThreadEventExecutor$2.run(SingleThreadEventExecutor.java:112) [netty-all-4.0.33.Final.jar:4.0.33.Final]
	at java.lang.Thread.run(Thread.java:745) [na:1.8.0_45]
[ ERROR] [2016-02-23 09:47:35] com.tiza.xgdl.comm.ClientConnector.pool-7-thread-1 [43] - port conn error:
gnu.io.NoSuchPortException: null
	at gnu.io.CommPortIdentifier.getPortIdentifier(CommPortIdentifier.java:218) ~[rxtx-2.1.7.jar:na]
	at io.netty.channel.rxtx.RxtxChannel.doConnect(RxtxChannel.java:66) ~[netty-all-4.0.33.Final.jar:4.0.33.Final]
	at io.netty.channel.rxtx.RxtxChannel$RxtxUnsafe.connect(RxtxChannel.java:142) ~[netty-all-4.0.33.Final.jar:4.0.33.Final]
	at io.netty.channel.DefaultChannelPipeline$HeadContext.connect(DefaultChannelPipeline.java:1097) ~[netty-all-4.0.33.Final.jar:4.0.33.Final]
	at io.netty.channel.AbstractChannelHandlerContext.invokeConnect(AbstractChannelHandlerContext.java:481) ~[netty-all-4.0.33.Final.jar:4.0.33.Final]
	at io.netty.channel.AbstractChannelHandlerContext.connect(AbstractChannelHandlerContext.java:466) ~[netty-all-4.0.33.Final.jar:4.0.33.Final]
	at io.netty.channel.ChannelOutboundHandlerAdapter.connect(ChannelOutboundHandlerAdapter.java:47) ~[netty-all-4.0.33.Final.jar:4.0.33.Final]
	at io.netty.channel.AbstractChannelHandlerContext.invokeConnect(AbstractChannelHandlerContext.java:481) ~[netty-all-4.0.33.Final.jar:4.0.33.Final]
	at io.netty.channel.AbstractChannelHandlerContext.connect(AbstractChannelHandlerContext.java:466) ~[netty-all-4.0.33.Final.jar:4.0.33.Final]
	at io.netty.channel.AbstractChannelHandlerContext.connect(AbstractChannelHandlerContext.java:448) ~[netty-all-4.0.33.Final.jar:4.0.33.Final]
	at io.netty.channel.DefaultChannelPipeline.connect(DefaultChannelPipeline.java:908) ~[netty-all-4.0.33.Final.jar:4.0.33.Final]
	at io.netty.channel.AbstractChannel.connect(AbstractChannel.java:203) ~[netty-all-4.0.33.Final.jar:4.0.33.Final]
	at io.netty.bootstrap.Bootstrap$2.run(Bootstrap.java:166) ~[netty-all-4.0.33.Final.jar:4.0.33.Final]
	at io.netty.channel.ThreadPerChannelEventLoop.run(ThreadPerChannelEventLoop.java:52) [netty-all-4.0.33.Final.jar:4.0.33.Final]
	at io.netty.util.concurrent.SingleThreadEventExecutor$2.run(SingleThreadEventExecutor.java:112) [netty-all-4.0.33.Final.jar:4.0.33.Final]
	at java.lang.Thread.run(Thread.java:745) [na:1.8.0_45]
[ ERROR] [2016-02-23 09:47:40] com.tiza.xgdl.comm.ClientConnector.pool-8-thread-1 [43] - port conn error:
gnu.io.NoSuchPortException: null
	at gnu.io.CommPortIdentifier.getPortIdentifier(CommPortIdentifier.java:218) ~[rxtx-2.1.7.jar:na]
	at io.netty.channel.rxtx.RxtxChannel.doConnect(RxtxChannel.java:66) ~[netty-all-4.0.33.Final.jar:4.0.33.Final]
	at io.netty.channel.rxtx.RxtxChannel$RxtxUnsafe.connect(RxtxChannel.java:142) ~[netty-all-4.0.33.Final.jar:4.0.33.Final]
	at io.netty.channel.DefaultChannelPipeline$HeadContext.connect(DefaultChannelPipeline.java:1097) ~[netty-all-4.0.33.Final.jar:4.0.33.Final]
	at io.netty.channel.AbstractChannelHandlerContext.invokeConnect(AbstractChannelHandlerContext.java:481) ~[netty-all-4.0.33.Final.jar:4.0.33.Final]
	at io.netty.channel.AbstractChannelHandlerContext.connect(AbstractChannelHandlerContext.java:466) ~[netty-all-4.0.33.Final.jar:4.0.33.Final]
	at io.netty.channel.ChannelOutboundHandlerAdapter.connect(ChannelOutboundHandlerAdapter.java:47) ~[netty-all-4.0.33.Final.jar:4.0.33.Final]
	at io.netty.channel.AbstractChannelHandlerContext.invokeConnect(AbstractChannelHandlerContext.java:481) ~[netty-all-4.0.33.Final.jar:4.0.33.Final]
	at io.netty.channel.AbstractChannelHandlerContext.connect(AbstractChannelHandlerContext.java:466) ~[netty-all-4.0.33.Final.jar:4.0.33.Final]
	at io.netty.channel.AbstractChannelHandlerContext.connect(AbstractChannelHandlerContext.java:448) ~[netty-all-4.0.33.Final.jar:4.0.33.Final]
	at io.netty.channel.DefaultChannelPipeline.connect(DefaultChannelPipeline.java:908) ~[netty-all-4.0.33.Final.jar:4.0.33.Final]
	at io.netty.channel.AbstractChannel.connect(AbstractChannel.java:203) ~[netty-all-4.0.33.Final.jar:4.0.33.Final]
	at io.netty.bootstrap.Bootstrap$2.run(Bootstrap.java:166) ~[netty-all-4.0.33.Final.jar:4.0.33.Final]
	at io.netty.channel.ThreadPerChannelEventLoop.run(ThreadPerChannelEventLoop.java:52) [netty-all-4.0.33.Final.jar:4.0.33.Final]
	at io.netty.util.concurrent.SingleThreadEventExecutor$2.run(SingleThreadEventExecutor.java:112) [netty-all-4.0.33.Final.jar:4.0.33.Final]
	at java.lang.Thread.run(Thread.java:745) [na:1.8.0_45]
[ ERROR] [2016-02-23 09:47:45] com.tiza.xgdl.comm.ClientConnector.pool-9-thread-1 [43] - port conn error:
gnu.io.NoSuchPortException: null
	at gnu.io.CommPortIdentifier.getPortIdentifier(CommPortIdentifier.java:218) ~[rxtx-2.1.7.jar:na]
	at io.netty.channel.rxtx.RxtxChannel.doConnect(RxtxChannel.java:66) ~[netty-all-4.0.33.Final.jar:4.0.33.Final]
	at io.netty.channel.rxtx.RxtxChannel$RxtxUnsafe.connect(RxtxChannel.java:142) ~[netty-all-4.0.33.Final.jar:4.0.33.Final]
	at io.netty.channel.DefaultChannelPipeline$HeadContext.connect(DefaultChannelPipeline.java:1097) ~[netty-all-4.0.33.Final.jar:4.0.33.Final]
	at io.netty.channel.AbstractChannelHandlerContext.invokeConnect(AbstractChannelHandlerContext.java:481) ~[netty-all-4.0.33.Final.jar:4.0.33.Final]
	at io.netty.channel.AbstractChannelHandlerContext.connect(AbstractChannelHandlerContext.java:466) ~[netty-all-4.0.33.Final.jar:4.0.33.Final]
	at io.netty.channel.ChannelOutboundHandlerAdapter.connect(ChannelOutboundHandlerAdapter.java:47) ~[netty-all-4.0.33.Final.jar:4.0.33.Final]
	at io.netty.channel.AbstractChannelHandlerContext.invokeConnect(AbstractChannelHandlerContext.java:481) ~[netty-all-4.0.33.Final.jar:4.0.33.Final]
	at io.netty.channel.AbstractChannelHandlerContext.connect(AbstractChannelHandlerContext.java:466) ~[netty-all-4.0.33.Final.jar:4.0.33.Final]
	at io.netty.channel.AbstractChannelHandlerContext.connect(AbstractChannelHandlerContext.java:448) ~[netty-all-4.0.33.Final.jar:4.0.33.Final]
	at io.netty.channel.DefaultChannelPipeline.connect(DefaultChannelPipeline.java:908) ~[netty-all-4.0.33.Final.jar:4.0.33.Final]
	at io.netty.channel.AbstractChannel.connect(AbstractChannel.java:203) ~[netty-all-4.0.33.Final.jar:4.0.33.Final]
	at io.netty.bootstrap.Bootstrap$2.run(Bootstrap.java:166) ~[netty-all-4.0.33.Final.jar:4.0.33.Final]
	at io.netty.channel.ThreadPerChannelEventLoop.run(ThreadPerChannelEventLoop.java:52) [netty-all-4.0.33.Final.jar:4.0.33.Final]
	at io.netty.util.concurrent.SingleThreadEventExecutor$2.run(SingleThreadEventExecutor.java:112) [netty-all-4.0.33.Final.jar:4.0.33.Final]
	at java.lang.Thread.run(Thread.java:745) [na:1.8.0_45]
[ ERROR] [2016-02-23 09:47:50] com.tiza.xgdl.comm.ClientConnector.pool-10-thread-1 [43] - port conn error:
gnu.io.NoSuchPortException: null
	at gnu.io.CommPortIdentifier.getPortIdentifier(CommPortIdentifier.java:218) ~[rxtx-2.1.7.jar:na]
	at io.netty.channel.rxtx.RxtxChannel.doConnect(RxtxChannel.java:66) ~[netty-all-4.0.33.Final.jar:4.0.33.Final]
	at io.netty.channel.rxtx.RxtxChannel$RxtxUnsafe.connect(RxtxChannel.java:142) ~[netty-all-4.0.33.Final.jar:4.0.33.Final]
	at io.netty.channel.DefaultChannelPipeline$HeadContext.connect(DefaultChannelPipeline.java:1097) ~[netty-all-4.0.33.Final.jar:4.0.33.Final]
	at io.netty.channel.AbstractChannelHandlerContext.invokeConnect(AbstractChannelHandlerContext.java:481) ~[netty-all-4.0.33.Final.jar:4.0.33.Final]
	at io.netty.channel.AbstractChannelHandlerContext.connect(AbstractChannelHandlerContext.java:466) ~[netty-all-4.0.33.Final.jar:4.0.33.Final]
	at io.netty.channel.ChannelOutboundHandlerAdapter.connect(ChannelOutboundHandlerAdapter.java:47) ~[netty-all-4.0.33.Final.jar:4.0.33.Final]
	at io.netty.channel.AbstractChannelHandlerContext.invokeConnect(AbstractChannelHandlerContext.java:481) ~[netty-all-4.0.33.Final.jar:4.0.33.Final]
	at io.netty.channel.AbstractChannelHandlerContext.connect(AbstractChannelHandlerContext.java:466) ~[netty-all-4.0.33.Final.jar:4.0.33.Final]
	at io.netty.channel.AbstractChannelHandlerContext.connect(AbstractChannelHandlerContext.java:448) ~[netty-all-4.0.33.Final.jar:4.0.33.Final]
	at io.netty.channel.DefaultChannelPipeline.connect(DefaultChannelPipeline.java:908) ~[netty-all-4.0.33.Final.jar:4.0.33.Final]
	at io.netty.channel.AbstractChannel.connect(AbstractChannel.java:203) ~[netty-all-4.0.33.Final.jar:4.0.33.Final]
	at io.netty.bootstrap.Bootstrap$2.run(Bootstrap.java:166) ~[netty-all-4.0.33.Final.jar:4.0.33.Final]
	at io.netty.channel.ThreadPerChannelEventLoop.run(ThreadPerChannelEventLoop.java:52) [netty-all-4.0.33.Final.jar:4.0.33.Final]
	at io.netty.util.concurrent.SingleThreadEventExecutor$2.run(SingleThreadEventExecutor.java:112) [netty-all-4.0.33.Final.jar:4.0.33.Final]
	at java.lang.Thread.run(Thread.java:745) [na:1.8.0_45]
