[ INFO ] [2016-01-14 16:00:16] com.tiza.xgdl.Main.main [99] - now to list all Port of this PC：
[ INFO ] [2016-01-14 16:00:16] com.tiza.xgdl.Main.main [104] - Port :COM1
[ INFO ] [2016-01-14 16:00:16] com.tiza.xgdl.Main.main [117] - 启动日志记录成功
[ INFO ] [2016-01-14 16:00:16] com.tiza.xgdl.Main.main [118] - [日志信息]--程序记录日志模块启动成功... ...
[ INFO ] [2016-01-14 16:00:16] com.tiza.xgdl.Main.main [135] - [配置信息]--读取数据库ReportData配置成功... ...
[ INFO ] [2016-01-14 16:00:16] com.tiza.xgdl.Main.main [153] - [配置信息]--读取数据库UserDatabase配置成功... ...
[ INFO ] [2016-01-14 16:00:18] com.alibaba.druid.pool.DruidDataSource.main [669] - {dataSource-1} inited
[ INFO ] [2016-01-14 16:00:20] com.tiza.xgdl.Main.main [167] - [连接信息]--数据库ReportData连接测试成功...
[ INFO ] [2016-01-14 16:00:20] com.alibaba.druid.pool.DruidDataSource.main [669] - {dataSource-2} inited
[ INFO ] [2016-01-14 16:00:20] com.tiza.xgdl.Main.main [175] - [连接信息]--数据库UserDatabase连接测试成功...
[ INFO ] [2016-01-14 16:02:03] com.tiza.xgdl.Main.main [101] - now to list all Port of this PC：
[ INFO ] [2016-01-14 16:02:04] com.tiza.xgdl.Main.main [106] - Port :COM1
[ INFO ] [2016-01-14 16:02:09] com.tiza.xgdl.Main.AWT-EventQueue-0 [119] - 启动日志记录成功
[ INFO ] [2016-01-14 16:02:09] com.tiza.xgdl.Main.AWT-EventQueue-0 [120] - [日志信息]--程序记录日志模块启动成功... ...
[ INFO ] [2016-01-14 16:02:09] com.tiza.xgdl.Main.AWT-EventQueue-0 [137] - [配置信息]--读取数据库ReportData配置成功... ...
[ INFO ] [2016-01-14 16:02:09] com.tiza.xgdl.Main.AWT-EventQueue-0 [155] - [配置信息]--读取数据库UserDatabase配置成功... ...
[ INFO ] [2016-01-14 16:02:11] com.alibaba.druid.pool.DruidDataSource.AWT-EventQueue-0 [669] - {dataSource-1} inited
[ INFO ] [2016-01-14 16:02:12] com.tiza.xgdl.Main.AWT-EventQueue-0 [169] - [连接信息]--数据库ReportData连接测试成功...
[ INFO ] [2016-01-14 16:02:12] com.alibaba.druid.pool.DruidDataSource.AWT-EventQueue-0 [669] - {dataSource-2} inited
[ INFO ] [2016-01-14 16:02:12] com.tiza.xgdl.Main.AWT-EventQueue-0 [177] - [连接信息]--数据库UserDatabase连接测试成功...
[ INFO ] [2016-01-14 16:07:17] com.tiza.xgdl.Main.AWT-EventQueue-0 [119] - 启动日志记录成功
[ INFO ] [2016-01-14 16:07:17] com.tiza.xgdl.Main.AWT-EventQueue-0 [120] - [日志信息]--程序记录日志模块启动成功... ...
[ INFO ] [2016-01-14 16:07:17] com.tiza.xgdl.Main.AWT-EventQueue-0 [137] - [配置信息]--读取数据库ReportData配置成功... ...
[ INFO ] [2016-01-14 16:07:17] com.tiza.xgdl.Main.AWT-EventQueue-0 [155] - [配置信息]--读取数据库UserDatabase配置成功... ...
[ INFO ] [2016-01-14 16:07:17] com.alibaba.druid.pool.DruidDataSource.AWT-EventQueue-0 [669] - {dataSource-1} inited
[ INFO ] [2016-01-14 16:07:18] com.tiza.xgdl.Main.AWT-EventQueue-0 [169] - [连接信息]--数据库ReportData连接测试成功...
[ INFO ] [2016-01-14 16:07:18] com.alibaba.druid.pool.DruidDataSource.AWT-EventQueue-0 [669] - {dataSource-2} inited
[ INFO ] [2016-01-14 16:07:18] com.tiza.xgdl.Main.AWT-EventQueue-0 [177] - [连接信息]--数据库UserDatabase连接测试成功...
